<?xml version="1.0" encoding="UTF-8"?>
<testsuite name="ChampionTest" tests="1" skipped="0" failures="0" errors="0" timestamp="2021-07-17T11:49:58" hostname="bruno-Aspire-A315-53" time="0.023">
  <properties/>
  <testcase name="shouldGetName()" classname="ChampionTest" time="0.023"/>
  <system-out><![CDATA[]]></system-out>
  <system-err><![CDATA[]]></system-err>
</testsuite>
